Log file created on Tue Mar 20 15:03:43 MDT 2018
IMPORTANT:
Because updating this file after every log message would kill
performance, it will be *incomplete* unless you invoke the
Utilities->Troubleshooting->Update Activity Log on Disk command!
3:03:39 PM [main] [message] Log: When reporting bugs, please include the following information:
3:03:39 PM [main] [message] Log: java.version=1.8.0_111
3:03:39 PM [main] [message] Log: java.vm.version=25.111-b14
3:03:39 PM [main] [message] Log: java.vm.name=Java HotSpot(TM) 64-Bit Server VM
3:03:39 PM [main] [message] Log: java.runtime.version=1.8.0_111-b14
3:03:39 PM [main] [message] Log: java.runtime.name=Java(TM) SE Runtime Environment
3:03:39 PM [main] [message] Log: java.vendor=Oracle Corporation
3:03:39 PM [main] [message] Log: java.compiler=null
3:03:39 PM [main] [message] Log: os.name=Mac OS X
3:03:39 PM [main] [message] Log: os.version=10.13.3
3:03:39 PM [main] [message] Log: os.arch=x86_64
3:03:39 PM [main] [message] Log: user.home=/Users/rachaelhogan 1
3:03:39 PM [main] [message] Log: java.home=/Library/Java/JavaVirtualMachines/jdk1.8.0_111.jdk/Contents/Home/jre
3:03:39 PM [main] [message] Log: java.class.path=/Users/rachaelhogan 1/Desktop/jEdit/build/jedit.jar
3:03:39 PM [main] [message] jEdit: starting with command line arguments: -settings=/Users/rachaelhogan 1/Desktop/jEdit/build/settings
3:03:39 PM [main] [debug] jEdit: before splash screen activation:74 ms
3:03:43 PM [main] [debug] jEdit: after splash screen activation:4045 ms
3:03:43 PM [main] [notice] jEdit: jEdit version 5.4.0
3:03:43 PM [main] [message] jEdit: Settings directory is /Users/rachaelhogan 1/Desktop/jEdit/build/settings
3:03:43 PM [main] [message] jEdit: jEdit home directory is /Users/rachaelhogan 1/Desktop/jEdit/build
3:03:43 PM [main] [debug] SplashScreen: init:68/3537ms
3:03:43 PM [main] [debug] SplashScreen: init system properties:32/3569ms
3:03:43 PM [main] [message] BeanShell: Beanshell Init
3:03:43 PM [main] [debug] SplashScreen: init beanshell:73/3642ms
3:03:44 PM [main] [debug] SplashScreen: loading site properties:3/3645ms
3:03:44 PM [main] [debug] SplashScreen: loading user properties:4/3649ms
3:03:44 PM [main] [debug] GUIUtilities: Icon theme set to: tango
3:03:44 PM [main] [debug] GUIUtilities: Loading icon theme from: jeditresource:/org/gjt/sp/jedit/icons/themes/tango/
3:03:44 PM [main] [debug] SplashScreen: init GUI:5/3654ms
3:03:44 PM [main] [debug] EditServer: jEdit server started on port 49404
3:03:44 PM [main] [debug] EditServer: Authorization key is 2095870491
3:03:44 PM [main] [debug] SplashScreen: init server:58/3712ms
3:03:44 PM [main] [debug] jEdit: initPLAF non-edt old=com.apple.laf.AquaLookAndFeel requested=null new=com.apple.laf.AquaLookAndFeel
3:03:44 PM [main] [debug] SplashScreen: init look and feel:11/3723ms
3:03:44 PM [main] [debug] SplashScreen: init VFS Manager:2/3725ms
3:03:44 PM [main] [debug] ActionSet: Loading actions from jar:file:/Users/rachaelhogan%201/Desktop/jEdit/build/jedit.jar!/org/gjt/sp/jedit/actions.xml
3:03:44 PM [main] [debug] DockableWindowManager: Loading dockables from jar:file:/Users/rachaelhogan%201/Desktop/jEdit/build/jedit.jar!/org/gjt/sp/jedit/dockables.xml
3:03:44 PM [main] [debug] SplashScreen: init resources:124/3849ms
3:03:44 PM [main] [debug] KeymapManagerImpl: copyKeymap(jEdit,imported)
3:03:44 PM [main] [debug] KeymapManagerImpl: Copying /Users/rachaelhogan 1/Desktop/jEdit/build/keymaps/jEdit_keys.props to /Users/rachaelhogan 1/Desktop/jEdit/build/settings/keymaps/imported_keys.props
3:03:44 PM [AWT-EventQueue-0] [debug] EditBus: SearchSettingsChanged[source=null]
3:03:44 PM [main] [debug] SplashScreen: Migrate keymaps:61/3910ms
3:03:44 PM [main] [notice] jEdit: Loading plugins from /Users/rachaelhogan 1/Desktop/jEdit/build/jars
3:03:44 PM [main] [debug] PluginJAR: Opening /Users/rachaelhogan 1/Desktop/jEdit/build/jars/MacOSX.jar
3:03:44 PM [main] [debug] PluginJAR: Writing /Users/rachaelhogan 1/Desktop/jEdit/build/settings/jars-cache/MacOSX.jar.summary
3:03:44 PM [AWT-EventQueue-0] [debug] EditBus: PluginUpdate[what=LOADED,exit=false,version=1.3,source=/Users/rachaelhogan 1/Desktop/jEdit/build/jars/MacOSX.jar,class=macosx.MacOSXPlugin]
3:03:44 PM [main] [debug] PluginJAR: Opening /Users/rachaelhogan 1/Desktop/jEdit/build/jars/QuickNotepad.jar
3:03:44 PM [main] [debug] ActionSet: Loading actions from jeditresource:/QuickNotepad.jar!/actions.xml
3:03:44 PM [main] [debug] DockableWindowManager: Loading dockables from jeditresource:/QuickNotepad.jar!/dockables.xml
3:03:44 PM [main] [debug] PluginJAR: Writing /Users/rachaelhogan 1/Desktop/jEdit/build/settings/jars-cache/QuickNotepad.jar.summary
3:03:44 PM [AWT-EventQueue-0] [debug] EditBus: PluginUpdate[what=LOADED,exit=false,version=5.0,source=/Users/rachaelhogan 1/Desktop/jEdit/build/jars/QuickNotepad.jar,class=QuickNotepadPlugin]
3:03:44 PM [main] [notice] jEdit: Loading plugins from /Users/rachaelhogan 1/Desktop/jEdit/build/settings/jars
3:03:44 PM [main] [debug] SplashScreen: init plugins:29/3939ms
3:03:44 PM [main] [debug] SplashScreen: init history model:6/3945ms
3:03:44 PM [main] [debug] SplashScreen: init buffer history:4/3949ms
3:03:44 PM [main] [debug] SplashScreen: init killring:3/3952ms
3:03:44 PM [main] [message] CheckFileStatus: Performing migration step: checkFileStatus
3:03:44 PM [main] [debug] jEdit: initPLAF non-edt old=com.apple.laf.AquaLookAndFeel requested=null new=com.apple.laf.AquaLookAndFeel
3:03:44 PM [main] [debug] jEdit: SOCKS proxy disabled
3:03:44 PM [main] [debug] jEdit: HTTP proxy disabled
3:03:44 PM [AWT-EventQueue-0] [debug] EditBus: PropertiesChanged[source=null]
3:03:44 PM [main] [debug] SplashScreen: init various properties:186/4138ms
3:03:44 PM [main] [message] jEdit: Loading mode catalog file /Users/rachaelhogan 1/Desktop/jEdit/build/modes/catalog
3:03:44 PM [main] [message] jEdit: Loading mode catalog file /Users/rachaelhogan 1/Desktop/jEdit/build/settings/modes/catalog
3:03:44 PM [main] [debug] SplashScreen: init modes:56/4194ms
3:03:44 PM [main] [debug] PluginJAR: Activating macosx.MacOSXPlugin because of startup
3:03:44 PM [main] [debug] SplashScreen: activate plugins:17/4211ms
3:03:44 PM [AWT-EventQueue-0] [debug] EditBus: PluginUpdate[what=ACTIVATED,exit=false,version=1.3,source=/Users/rachaelhogan 1/Desktop/jEdit/build/jars/MacOSX.jar,class=macosx.MacOSXPlugin]
3:03:44 PM [main] [debug] Macros: Registered beanshell macro handler
3:03:44 PM [AWT-EventQueue-0] [debug] EditBus: DynamicMenuChanged[menu=macros,source=null]
3:03:44 PM [main] [message] BeanShell: Running script /Users/rachaelhogan 1/Desktop/jEdit/build/startup/startup.bsh
3:03:44 PM [main] [notice] jEdit$5: Loading edit mode /Users/rachaelhogan 1/Desktop/jEdit/build/modes/text.xml
3:03:44 PM [main] [debug] String: BeanShell interpreter version 2.0b4-jedit
3:03:44 PM [main] [debug] SplashScreen: init macros:177/4388ms
3:03:44 PM [main] [debug] SplashScreen: init macros:178/4389ms
3:03:44 PM [main] [debug] SplashScreen: init macros:180/4391ms
3:03:44 PM [main] [debug] jEdit: main done:5007 ms
3:03:44 PM [AWT-EventQueue-0] [debug] EditBus: BufferUpdate[what=PROPERTIES_CHANGED,view=null,source=Untitled-1 (~/)]
3:03:44 PM [AWT-EventQueue-0] [debug] EditBus: BufferUpdate[what=CREATED,view=null,source=Untitled-1 (~/)]
3:03:44 PM [AWT-EventQueue-0] [debug] EditBus: BufferUpdate[what=LOAD_STARTED,view=null,source=Untitled-1 (~/)]
3:03:44 PM [AWT-EventQueue-0] [debug] EditBus: BufferUpdate[what=LOADED,view=null,source=Untitled-1 (~/)]
3:03:45 PM [AWT-EventQueue-0] [debug] BufferSet: 346558282: addBufferSetListener org.gjt.sp.jedit.EditPane[inactive]
3:03:45 PM [AWT-EventQueue-0] [debug] EditBus: BufferChanging[what=BUFFER_CHANGING,source=org.gjt.sp.jedit.EditPane[inactive]]
3:03:45 PM [AWT-EventQueue-0] [debug] BufferSet: 346558282 addBufferAt(Untitled-1 (~/),-1)
3:03:45 PM [AWT-EventQueue-0] [debug] BufferSet: 346558282: Buffer added Untitled-1 (~/) at 0
3:03:45 PM [AWT-EventQueue-0] [debug] EditBus: EditPaneUpdate[what=CREATED,source=org.gjt.sp.jedit.EditPane[inactive]]
3:03:45 PM [AWT-EventQueue-0] [debug] EditBus: ViewUpdate[what=CREATED,source=org.gjt.sp.jedit.View[active]]
3:03:45 PM [jEdit Worker #0] [error] HelpTOCLoader: java.io.FileNotFoundException: /Users/rachaelhogan 1/Desktop/jEdit/build/doc/whatsnew/toc.xml (No such file or directory)
3:03:45 PM [jEdit Worker #0] [error] HelpTOCLoader:  at java.io.FileInputStream.open0(Native Method)
3:03:45 PM [jEdit Worker #0] [error] HelpTOCLoader:  at java.io.FileInputStream.open(FileInputStream.java:195)
3:03:45 PM [jEdit Worker #0] [error] HelpTOCLoader:  at java.io.FileInputStream.<init>(FileInputStream.java:138)
3:03:45 PM [jEdit Worker #0] [error] HelpTOCLoader:  at java.io.FileInputStream.<init>(FileInputStream.java:93)
3:03:45 PM [jEdit Worker #0] [error] HelpTOCLoader:  at sun.net.www.protocol.file.FileURLConnection.connect(FileURLConnection.java:90)
3:03:45 PM [jEdit Worker #0] [error] HelpTOCLoader:  at sun.net.www.protocol.file.FileURLConnection.getInputStream(FileURLConnection.java:188)
3:03:45 PM [jEdit Worker #0] [error] HelpTOCLoader:  at java.net.URL.openStream(URL.java:1045)
3:03:45 PM [jEdit Worker #0] [error] HelpTOCLoader:  at org.gjt.sp.jedit.help.HelpTOCLoader.loadTOC(HelpTOCLoader.java:166)
3:03:45 PM [jEdit Worker #0] [error] HelpTOCLoader:  at org.gjt.sp.jedit.help.HelpTOCLoader.createTOC(HelpTOCLoader.java:117)
3:03:45 PM [jEdit Worker #0] [error] HelpTOCLoader:  at org.gjt.sp.jedit.help.HelpTOCPanel$2.run(HelpTOCPanel.java:105)
3:03:45 PM [jEdit Worker #0] [error] HelpTOCLoader:  at org.gjt.sp.util.TaskManager$MyTask._run(TaskManager.java:258)
3:03:45 PM [jEdit Worker #0] [error] HelpTOCLoader:  at org.gjt.sp.util.Task.run(Task.java:65)
3:03:45 PM [jEdit Worker #0] [error] HelpTOCLoader:  at java.util.concurrent.ThreadPoolExecutor.runWorker(ThreadPoolExecutor.java:1142)
3:03:45 PM [jEdit Worker #0] [error] HelpTOCLoader:  at java.util.concurrent.ThreadPoolExecutor$Worker.run(ThreadPoolExecutor.java:617)
3:03:45 PM [jEdit Worker #0] [error] HelpTOCLoader:  at java.lang.Thread.run(Thread.java:745)
3:03:45 PM [jEdit Worker #0] [error] HelpTOCLoader: java.io.FileNotFoundException: /Users/rachaelhogan 1/Desktop/jEdit/build/doc/users-guide/toc.xml (No such file or directory)
3:03:45 PM [jEdit Worker #0] [error] HelpTOCLoader:  at java.io.FileInputStream.open0(Native Method)
3:03:45 PM [jEdit Worker #0] [error] HelpTOCLoader:  at java.io.FileInputStream.open(FileInputStream.java:195)
3:03:45 PM [jEdit Worker #0] [error] HelpTOCLoader:  at java.io.FileInputStream.<init>(FileInputStream.java:138)
3:03:45 PM [jEdit Worker #0] [error] HelpTOCLoader:  at java.io.FileInputStream.<init>(FileInputStream.java:93)
3:03:45 PM [jEdit Worker #0] [error] HelpTOCLoader:  at sun.net.www.protocol.file.FileURLConnection.connect(FileURLConnection.java:90)
3:03:45 PM [jEdit Worker #0] [error] HelpTOCLoader:  at sun.net.www.protocol.file.FileURLConnection.getInputStream(FileURLConnection.java:188)
3:03:45 PM [jEdit Worker #0] [error] HelpTOCLoader:  at java.net.URL.openStream(URL.java:1045)
3:03:45 PM [jEdit Worker #0] [error] HelpTOCLoader:  at org.gjt.sp.jedit.help.HelpTOCLoader.loadTOC(HelpTOCLoader.java:166)
3:03:45 PM [jEdit Worker #0] [error] HelpTOCLoader:  at org.gjt.sp.jedit.help.HelpTOCLoader.createTOC(HelpTOCLoader.java:118)
3:03:45 PM [jEdit Worker #0] [error] HelpTOCLoader:  at org.gjt.sp.jedit.help.HelpTOCPanel$2.run(HelpTOCPanel.java:105)
3:03:45 PM [jEdit Worker #0] [error] HelpTOCLoader:  at org.gjt.sp.util.TaskManager$MyTask._run(TaskManager.java:258)
3:03:45 PM [jEdit Worker #0] [error] HelpTOCLoader:  at org.gjt.sp.util.Task.run(Task.java:65)
3:03:45 PM [jEdit Worker #0] [error] HelpTOCLoader:  at java.util.concurrent.ThreadPoolExecutor.runWorker(ThreadPoolExecutor.java:1142)
3:03:45 PM [jEdit Worker #0] [error] HelpTOCLoader:  at java.util.concurrent.ThreadPoolExecutor$Worker.run(ThreadPoolExecutor.java:617)
3:03:45 PM [jEdit Worker #0] [error] HelpTOCLoader:  at java.lang.Thread.run(Thread.java:745)
3:03:45 PM [jEdit Worker #0] [error] HelpTOCLoader: java.io.FileNotFoundException: /Users/rachaelhogan 1/Desktop/jEdit/build/doc/FAQ/toc.xml (No such file or directory)
3:03:45 PM [jEdit Worker #0] [error] HelpTOCLoader:  at java.io.FileInputStream.open0(Native Method)
3:03:45 PM [jEdit Worker #0] [error] HelpTOCLoader:  at java.io.FileInputStream.open(FileInputStream.java:195)
3:03:45 PM [jEdit Worker #0] [error] HelpTOCLoader:  at java.io.FileInputStream.<init>(FileInputStream.java:138)
3:03:45 PM [jEdit Worker #0] [error] HelpTOCLoader:  at java.io.FileInputStream.<init>(FileInputStream.java:93)
3:03:45 PM [jEdit Worker #0] [error] HelpTOCLoader:  at sun.net.www.protocol.file.FileURLConnection.connect(FileURLConnection.java:90)
3:03:45 PM [jEdit Worker #0] [error] HelpTOCLoader:  at sun.net.www.protocol.file.FileURLConnection.getInputStream(FileURLConnection.java:188)
3:03:45 PM [jEdit Worker #0] [error] HelpTOCLoader:  at java.net.URL.openStream(URL.java:1045)
3:03:45 PM [jEdit Worker #0] [error] HelpTOCLoader:  at org.gjt.sp.jedit.help.HelpTOCLoader.loadTOC(HelpTOCLoader.java:166)
3:03:45 PM [jEdit Worker #0] [error] HelpTOCLoader:  at org.gjt.sp.jedit.help.HelpTOCLoader.createTOC(HelpTOCLoader.java:119)
3:03:45 PM [jEdit Worker #0] [error] HelpTOCLoader:  at org.gjt.sp.jedit.help.HelpTOCPanel$2.run(HelpTOCPanel.java:105)
3:03:45 PM [jEdit Worker #0] [error] HelpTOCLoader:  at org.gjt.sp.util.TaskManager$MyTask._run(TaskManager.java:258)
3:03:45 PM [jEdit Worker #0] [error] HelpTOCLoader:  at org.gjt.sp.util.Task.run(Task.java:65)
3:03:45 PM [jEdit Worker #0] [error] HelpTOCLoader:  at java.util.concurrent.ThreadPoolExecutor.runWorker(ThreadPoolExecutor.java:1142)
3:03:45 PM [jEdit Worker #0] [error] HelpTOCLoader:  at java.util.concurrent.ThreadPoolExecutor$Worker.run(ThreadPoolExecutor.java:617)
3:03:45 PM [jEdit Worker #0] [error] HelpTOCLoader:  at java.lang.Thread.run(Thread.java:745)
3:03:45 PM [jEdit Worker #0] [notice] HelpTOCLoader: The API docs for jEdit will not be available (reinstall jEdit if you want them)
3:03:46 PM [AWT-EventQueue-0] [debug] EditBus: EditorStarted[source=null]
3:03:46 PM [AWT-EventQueue-0] [message] jEdit: Startup complete: 6295 ms
3:03:46 PM [AWT-EventQueue-0] [debug] EditBus: ViewUpdate[what=VIEW_ACTIVATED,source=org.gjt.sp.jedit.View[active]]
3:03:46 PM [SwingWorker-pool-1-thread-1] [error] HelpViewer$2: java.io.FileNotFoundException: /Users/rachaelhogan 1/Desktop/jEdit/build/doc/welcome.html (No such file or directory)
3:03:46 PM [SwingWorker-pool-1-thread-1] [error] HelpViewer$2:  at java.io.FileInputStream.open0(Native Method)
3:03:46 PM [SwingWorker-pool-1-thread-1] [error] HelpViewer$2:  at java.io.FileInputStream.open(FileInputStream.java:195)
3:03:46 PM [SwingWorker-pool-1-thread-1] [error] HelpViewer$2:  at java.io.FileInputStream.<init>(FileInputStream.java:138)
3:03:46 PM [SwingWorker-pool-1-thread-1] [error] HelpViewer$2:  at java.io.FileInputStream.<init>(FileInputStream.java:93)
3:03:46 PM [SwingWorker-pool-1-thread-1] [error] HelpViewer$2:  at sun.net.www.protocol.file.FileURLConnection.connect(FileURLConnection.java:90)
3:03:46 PM [SwingWorker-pool-1-thread-1] [error] HelpViewer$2:  at sun.net.www.protocol.file.FileURLConnection.getInputStream(FileURLConnection.java:188)
3:03:46 PM [SwingWorker-pool-1-thread-1] [error] HelpViewer$2:  at javax.swing.JEditorPane.getStream(JEditorPane.java:768)
3:03:46 PM [SwingWorker-pool-1-thread-1] [error] HelpViewer$2:  at javax.swing.JEditorPane.setPage(JEditorPane.java:432)
3:03:46 PM [SwingWorker-pool-1-thread-1] [error] HelpViewer$2:  at org.gjt.sp.jedit.help.HelpViewer$2.doInBackground(HelpViewer.java:327)
3:03:46 PM [SwingWorker-pool-1-thread-1] [error] HelpViewer$2:  at org.gjt.sp.jedit.help.HelpViewer$2.doInBackground(HelpViewer.java:300)
3:03:46 PM [SwingWorker-pool-1-thread-1] [error] HelpViewer$2:  at javax.swing.SwingWorker$1.call(SwingWorker.java:295)
3:03:46 PM [SwingWorker-pool-1-thread-1] [error] HelpViewer$2:  at java.util.concurrent.FutureTask.run(FutureTask.java:266)
3:03:46 PM [SwingWorker-pool-1-thread-1] [error] HelpViewer$2:  at javax.swing.SwingWorker.run(SwingWorker.java:334)
3:03:46 PM [SwingWorker-pool-1-thread-1] [error] HelpViewer$2:  at java.util.concurrent.ThreadPoolExecutor.runWorker(ThreadPoolExecutor.java:1142)
3:03:46 PM [SwingWorker-pool-1-thread-1] [error] HelpViewer$2:  at java.util.concurrent.ThreadPoolExecutor$Worker.run(ThreadPoolExecutor.java:617)
3:03:46 PM [SwingWorker-pool-1-thread-1] [error] HelpViewer$2:  at java.lang.Thread.run(Thread.java:745)
3:03:46 PM [AWT-EventQueue-0] [debug] JEditTextArea: InputMethodSupport is activated
3:03:49 PM [AWT-EventQueue-0] [debug] EditBus: ViewUpdate[what=VIEW_ACTIVATED,source=org.gjt.sp.jedit.View[active]]
3:03:49 PM [AWT-EventQueue-0] [debug] jEdit: checkBufferStatus for all buffers
3:03:50 PM [AWT-EventQueue-0] [debug] EditBus: EditorExitRequested[source=org.gjt.sp.jedit.View[active]]
3:03:50 PM [AWT-EventQueue-0] [message] PerspectiveManager: Saving /Users/rachaelhogan 1/Desktop/jEdit/build/settings/perspective.xml
3:03:50 PM [AWT-EventQueue-0] [debug] EditBus: BufferUpdate[what=CLOSING,view=org.gjt.sp.jedit.View[active],source=Untitled-1 (~/)]
3:03:50 PM [AWT-EventQueue-0] [debug] BufferSet: 346558282: Buffer removed Untitled-1 (~/)
3:03:50 PM [AWT-EventQueue-0] [debug] EditBus: BufferUpdate[what=PROPERTIES_CHANGED,view=null,source=Untitled-1 (~/)]
3:03:50 PM [AWT-EventQueue-0] [debug] EditBus: BufferUpdate[what=CREATED,view=null,source=Untitled-1 (~/)]
3:03:50 PM [AWT-EventQueue-0] [debug] EditBus: BufferUpdate[what=LOAD_STARTED,view=null,source=Untitled-1 (~/)]
3:03:50 PM [AWT-EventQueue-0] [debug] EditBus: BufferUpdate[what=LOADED,view=null,source=Untitled-1 (~/)]
3:03:50 PM [AWT-EventQueue-0] [debug] BufferSet: 346558282 addBufferAt(Untitled-1 (~/),-1)
3:03:50 PM [AWT-EventQueue-0] [debug] BufferSet: 346558282: Buffer added Untitled-1 (~/) at 0
3:03:50 PM [AWT-EventQueue-0] [debug] EditBus: BufferChanging[what=BUFFER_CHANGING,source=org.gjt.sp.jedit.EditPane[active]]
3:03:50 PM [AWT-EventQueue-0] [debug] EditBus: EditPaneUpdate[what=BUFFER_CHANGED,source=org.gjt.sp.jedit.EditPane[active]]
3:03:50 PM [AWT-EventQueue-0] [debug] EditBus: BufferUpdate[what=CLOSED,view=org.gjt.sp.jedit.View[active],source=Untitled-1 (~/)]
3:03:50 PM [AWT-EventQueue-0] [debug] EditBus: ViewUpdate[what=CLOSED,source=org.gjt.sp.jedit.View[active]]
3:03:50 PM [AWT-EventQueue-0] [debug] EditBus: EditPaneUpdate[what=DESTROYED,source=org.gjt.sp.jedit.EditPane[active]]
3:03:50 PM [AWT-EventQueue-0] [debug] BufferSet: 346558282: Buffer removed Untitled-1 (~/)
3:03:50 PM [AWT-EventQueue-0] [debug] BufferSetManager: Buffer:Untitled-1 (~/) is in no bufferSet anymore, closing it
3:03:50 PM [AWT-EventQueue-0] [debug] EditBus: BufferUpdate[what=CLOSING,view=null,source=Untitled-1 (~/)]
3:03:50 PM [AWT-EventQueue-0] [debug] EditBus: BufferUpdate[what=CLOSED,view=null,source=Untitled-1 (~/)]
3:03:50 PM [AWT-EventQueue-0] [message] BufferHistory: Saving /Users/rachaelhogan 1/Desktop/jEdit/build/settings/recent.xml
3:03:50 PM [AWT-EventQueue-0] [message] KillRing: Saving /Users/rachaelhogan 1/Desktop/jEdit/build/settings/killring.xml
